----------

Fri Apr 07 2023 17:55:56 GMT+1000 (Australian Eastern Standard Time)

To https://github.com/billyyythekid21/billyyythekid21.github.io.git
   b7e13b3..62ad6e0  main -> main


----------

Fri Apr 07 2023 17:57:49 GMT+1000 (Australian Eastern Standard Time)

To https://github.com/billyyythekid21/billyyythekid21.github.io.git
   5daca64..313358a  main -> main


----------

Fri Apr 07 2023 18:01:41 GMT+1000 (Australian Eastern Standard Time)

fatal: pathspec 'remote' did not match any files


----------

Fri Apr 07 2023 18:01:58 GMT+1000 (Australian Eastern Standard Time)

To https://github.com/billyyythekid21/billyyythekid21.github.io.git
   313358a..21f8010  main -> main


----------

Fri Apr 07 2023 18:02:30 GMT+1000 (Australian Eastern Standard Time)

fatal: pathspec 'origin' did not match any files


----------

Fri Apr 07 2023 18:02:32 GMT+1000 (Australian Eastern Standard Time)

To https://github.com/billyyythekid21/billyyythekid21.github.io.git
   21f8010..8ac3531  main -> main


----------

Fri Apr 07 2023 18:03:01 GMT+1000 (Australian Eastern Standard Time)

To https://github.com/billyyythekid21/billyyythekid21.github.io.git
   8ac3531..2f6872b  main -> main


----------

Fri Apr 07 2023 18:20:20 GMT+1000 (Australian Eastern Standard Time)

To https://github.com/billyyythekid21/billyyythekid21.github.io.git
   2f6872b..94474d2  main -> main


